<?xml version="1.0" encoding="UTF-8"?>
<!-- Generated by org.testng.reporters.JUnitReportReporter -->
<testsuite hostname="DESKTOP-MH22JUI" failures="0" tests="1" name="com.sauce.qa.testpage.ProductPageTest" time="15.106" errors="0" timestamp="2023-02-28T11:35:03 IST" skipped="0">
  <testcase classname="com.sauce.qa.testpage.ProductPageTest" name="validateAddToCartTest" time="15.106"/>
  <system-out/>
</testsuite> <!-- com.sauce.qa.testpage.ProductPageTest -->
